<?xml version="1.0" encoding="UTF-8"?>
<!-- Generated by org.testng.reporters.JUnitXMLReporter -->
<testsuite ignored="0" hostname="DESKTOP-FFTSIEL" failures="0" tests="3" name="Default test" time="3.207" errors="0" timestamp="2024-11-13T23:59:00 IST">
  <testcase classname="API.Dnyanamicjson" name="dnyanamic" time="2.889"/>
  <testcase classname="API.Dnyanamicjson" name="dnyanamic" time="0.125"/>
  <testcase classname="API.Dnyanamicjson" name="dnyanamic" time="0.077"/>
</testsuite> <!-- Default test -->
