<?xml version="1.0" encoding="UTF-8"?>
<testng-results ignored="0" total="3" passed="3" failed="0" skipped="0">
  <reporter-output>
  </reporter-output>
  <suite started-at="2024-11-13T23:58:56 IST" name="Default suite" finished-at="2024-11-13T23:58:59 IST" duration-ms="3207">
    <groups>
    </groups>
    <test started-at="2024-11-13T23:58:56 IST" name="Default test" finished-at="2024-11-13T23:58:59 IST" duration-ms="3207">
      <class name="API.Dnyanamicjson">
        <test-method signature="dnyanamic(java.lang.String,java.lang.String)[pri:0, instance:API.Dnyanamicjson@316bcf94]" started-at="2024-11-13T23:58:56 IST" name="dnyanamic" data-provider="data" finished-at="2024-11-13T23:58:59 IST" duration-ms="2889" status="PASS">
          <params>
            <param index="0">
              <value>
                <![CDATA[asd]]>
              </value>
            </param>
            <param index="1">
              <value>
                <![CDATA[123]]>
              </value>
            </param>
          </params>
          <reporter-output>
          </reporter-output>
        </test-method> <!-- dnyanamic -->
        <test-method signature="dnyanamic(java.lang.String,java.lang.String)[pri:0, instance:API.Dnyanamicjson@316bcf94]" started-at="2024-11-13T23:58:59 IST" name="dnyanamic" data-provider="data" finished-at="2024-11-13T23:58:59 IST" duration-ms="125" status="PASS">
          <params>
            <param index="0">
              <value>
                <![CDATA[zxc]]>
              </value>
            </param>
            <param index="1">
              <value>
                <![CDATA[456]]>
              </value>
            </param>
          </params>
          <reporter-output>
          </reporter-output>
        </test-method> <!-- dnyanamic -->
        <test-method signature="dnyanamic(java.lang.String,java.lang.String)[pri:0, instance:API.Dnyanamicjson@316bcf94]" started-at="2024-11-13T23:58:59 IST" name="dnyanamic" data-provider="data" finished-at="2024-11-13T23:58:59 IST" duration-ms="77" status="PASS">
          <params>
            <param index="0">
              <value>
                <![CDATA[bcv]]>
              </value>
            </param>
            <param index="1">
              <value>
                <![CDATA[236]]>
              </value>
            </param>
          </params>
          <reporter-output>
          </reporter-output>
        </test-method> <!-- dnyanamic -->
      </class> <!-- API.Dnyanamicjson -->
    </test> <!-- Default test -->
  </suite> <!-- Default suite -->
</testng-results>
